ERC report (2026-01-21T16:04:35+0500, Encoding UTF8)

***** Sheet /
[pin_to_pin]: Pins of type Output and Output are connected
    ; error
    @(1800 mils, 1900 mils): Symbol LED_1 Pin 1 [DOUT, Output, Line]
    @(2800 mils, 1900 mils): Symbol LED_6 Pin 1 [DOUT, Output, Line]
[pin_to_pin]: Pins of type Output and Output are connected
    ; error
    @(2800 mils, 1900 mils): Symbol LED_6 Pin 1 [DOUT, Output, Line]
    @(3800 mils, 1900 mils): Symbol LED_11 Pin 1 [DOUT, Output, Line]
[pin_to_pin]: Pins of type Output and Output are connected
    ; error
    @(1800 mils, 2900 mils): Symbol LED_2 Pin 1 [DOUT, Output, Line]
    @(2800 mils, 2900 mils): Symbol LED_7 Pin 1 [DOUT, Output, Line]
[pin_to_pin]: Pins of type Output and Output are connected
    ; error
    @(2800 mils, 2900 mils): Symbol LED_7 Pin 1 [DOUT, Output, Line]
    @(3800 mils, 2900 mils): Symbol LED_12 Pin 1 [DOUT, Output, Line]
[pin_to_pin]: Pins of type Output and Output are connected
    ; error
    @(3800 mils, 1900 mils): Symbol LED_11 Pin 1 [DOUT, Output, Line]
    @(4800 mils, 1900 mils): Symbol LED_16 Pin 1 [DOUT, Output, Line]
[pin_to_pin]: Pins of type Output and Output are connected
    ; error
    @(1800 mils, 3900 mils): Symbol LED_3 Pin 1 [DOUT, Output, Line]
    @(2800 mils, 3900 mils): Symbol LED_8 Pin 1 [DOUT, Output, Line]
[pin_to_pin]: Pins of type Output and Output are connected
    ; error
    @(3800 mils, 2900 mils): Symbol LED_12 Pin 1 [DOUT, Output, Line]
    @(4800 mils, 2900 mils): Symbol LED_17 Pin 1 [DOUT, Output, Line]
[pin_to_pin]: Pins of type Output and Output are connected
    ; error
    @(2800 mils, 3900 mils): Symbol LED_8 Pin 1 [DOUT, Output, Line]
    @(3800 mils, 3900 mils): Symbol LED_13 Pin 1 [DOUT, Output, Line]
[pin_to_pin]: Pins of type Output and Output are connected
    ; error
    @(1800 mils, 4900 mils): Symbol LED_4 Pin 1 [DOUT, Output, Line]
    @(2800 mils, 4900 mils): Symbol LED_9 Pin 1 [DOUT, Output, Line]
[pin_to_pin]: Pins of type Output and Output are connected
    ; error
    @(3800 mils, 3900 mils): Symbol LED_13 Pin 1 [DOUT, Output, Line]
    @(4800 mils, 3900 mils): Symbol LED_18 Pin 1 [DOUT, Output, Line]
[pin_to_pin]: Pins of type Output and Output are connected
    ; error
    @(2800 mils, 4900 mils): Symbol LED_9 Pin 1 [DOUT, Output, Line]
    @(3800 mils, 4900 mils): Symbol LED_14 Pin 1 [DOUT, Output, Line]
[pin_not_driven]: Input pin not driven by any Output pins
    ; error
    @(5050 mils, 8050 mils): Symbol Display1 Pin 1 [MOSI, Input, Line]
[pin_not_driven]: Input pin not driven by any Output pins
    ; error
    @(5050 mils, 8150 mils): Symbol Display1 Pin 2 [SCK, Input, Clock]
[power_pin_not_driven]: Input Power pin not driven by any Output Power pins
    ; error
    @(5050 mils, 8250 mils): Symbol Display1 Pin 3 [VCC, Power input, Line]
[multiple_net_names]: Both COL 5 and EC_SW02_A are attached to the same items; COL 5 will be used in the netlist
    ; warning
    @(12700 mils, 1100 mils): Global Label 'COL 5'
    @(12700 mils, 2400 mils): Global Label 'EC_SW02_A'

 ** ERC messages: 15  Errors 14  Warnings 1
